<?xml version="1.0" encoding="UTF-8"?>
<!-- Generated by org.testng.reporters.JUnitReportReporter -->
<testsuite hostname="DISYS-CR-57GF0Z2" failures="0" tests="1" name="com.disys.testcase.SampleTestCase" time="11.744" errors="0" timestamp="2023-01-30T17:52:59 IST" skipped="0">
  <testcase classname="com.disys.testcase.SampleTestCase" name="loginIntoApplication" time="11.744"/>
  <system-out/>
</testsuite> <!-- com.disys.testcase.SampleTestCase -->
